<?xml version="1.0" encoding="UTF-8"?>
<testsuite xmlns:xsi="http://www.w3.org/2001/XMLSchema-instance" xsi:noNamespaceSchemaLocation="https://maven.apache.org/surefire/maven-surefire-plugin/xsd/surefire-test-report.xsd" name="TestSuite" time="23.66" tests="1" errors="0" skipped="0" failures="0">
  <properties>
    <property name="gopherProxySet" value="false"/>
    <property name="awt.toolkit" value="sun.lwawt.macosx.LWCToolkit"/>
    <property name="file.encoding.pkg" value="sun.io"/>
    <property name="java.specification.version" value="1.8"/>
    <property name="sun.cpu.isalist" value=""/>
    <property name="sun.jnu.encoding" value="UTF-8"/>
    <property name="java.class.path" value="/Users/ankurjoshi/eclipse-workspace/ApiWebAutomation/target/test-classes:/Users/ankurjoshi/eclipse-workspace/ApiWebAutomation/target/classes:/Users/ankurjoshi/.m2/repository/io/rest-assured/rest-assured/5.4.0/rest-assured-5.4.0.jar:/Users/ankurjoshi/.m2/repository/org/apache/groovy/groovy/4.0.16/groovy-4.0.16.jar:/Users/ankurjoshi/.m2/repository/org/apache/groovy/groovy-xml/4.0.16/groovy-xml-4.0.16.jar:/Users/ankurjoshi/.m2/repository/org/apache/httpcomponents/httpclient/4.5.13/httpclient-4.5.13.jar:/Users/ankurjoshi/.m2/repository/org/apache/httpcomponents/httpcore/4.4.13/httpcore-4.4.13.jar:/Users/ankurjoshi/.m2/repository/commons-logging/commons-logging/1.2/commons-logging-1.2.jar:/Users/ankurjoshi/.m2/repository/commons-codec/commons-codec/1.11/commons-codec-1.11.jar:/Users/ankurjoshi/.m2/repository/org/apache/httpcomponents/httpmime/4.5.13/httpmime-4.5.13.jar:/Users/ankurjoshi/.m2/repository/org/hamcrest/hamcrest/2.2/hamcrest-2.2.jar:/Users/ankurjoshi/.m2/repository/org/ccil/cowan/tagsoup/tagsoup/1.2.1/tagsoup-1.2.1.jar:/Users/ankurjoshi/.m2/repository/io/rest-assured/json-path/5.4.0/json-path-5.4.0.jar:/Users/ankurjoshi/.m2/repository/org/apache/groovy/groovy-json/4.0.16/groovy-json-4.0.16.jar:/Users/ankurjoshi/.m2/repository/io/rest-assured/rest-assured-common/5.4.0/rest-assured-common-5.4.0.jar:/Users/ankurjoshi/.m2/repository/io/rest-assured/xml-path/5.4.0/xml-path-5.4.0.jar:/Users/ankurjoshi/.m2/repository/org/testng/testng/7.3.0/testng-7.3.0.jar:/Users/ankurjoshi/.m2/repository/com/beust/jcommander/1.78/jcommander-1.78.jar:/Users/ankurjoshi/.m2/repository/org/apache/ant/ant/1.10.3/ant-1.10.3.jar:/Users/ankurjoshi/.m2/repository/org/apache/ant/ant-launcher/1.10.3/ant-launcher-1.10.3.jar:/Users/ankurjoshi/.m2/repository/junit/junit/4.12/junit-4.12.jar:/Users/ankurjoshi/.m2/repository/org/hamcrest/hamcrest-core/1.3/hamcrest-core-1.3.jar:/Users/ankurjoshi/.m2/repository/com/google/inject/guice/4.2.2/guice-4.2.2-no_aop.jar:/Users/ankurjoshi/.m2/repository/javax/inject/javax.inject/1/javax.inject-1.jar:/Users/ankurjoshi/.m2/repository/aopalliance/aopalliance/1.0/aopalliance-1.0.jar:/Users/ankurjoshi/.m2/repository/org/yaml/snakeyaml/1.21/snakeyaml-1.21.jar:/Users/ankurjoshi/.m2/repository/log4j/log4j/1.2.17/log4j-1.2.17.jar:/Users/ankurjoshi/.m2/repository/io/github/bonigarcia/webdrivermanager/5.6.3/webdrivermanager-5.6.3.jar:/Users/ankurjoshi/.m2/repository/org/slf4j/slf4j-api/2.0.10/slf4j-api-2.0.10.jar:/Users/ankurjoshi/.m2/repository/com/google/code/gson/gson/2.10.1/gson-2.10.1.jar:/Users/ankurjoshi/.m2/repository/com/github/docker-java/docker-java/3.3.4/docker-java-3.3.4.jar:/Users/ankurjoshi/.m2/repository/com/github/docker-java/docker-java-core/3.3.4/docker-java-core-3.3.4.jar:/Users/ankurjoshi/.m2/repository/com/github/docker-java/docker-java-api/3.3.4/docker-java-api-3.3.4.jar:/Users/ankurjoshi/.m2/repository/com/fasterxml/jackson/core/jackson-annotations/2.10.3/jackson-annotations-2.10.3.jar:/Users/ankurjoshi/.m2/repository/commons-io/commons-io/2.13.0/commons-io-2.13.0.jar:/Users/ankurjoshi/.m2/repository/com/fasterxml/jackson/core/jackson-databind/2.10.3/jackson-databind-2.10.3.jar:/Users/ankurjoshi/.m2/repository/com/fasterxml/jackson/core/jackson-core/2.10.3/jackson-core-2.10.3.jar:/Users/ankurjoshi/.m2/repository/org/bouncycastle/bcpkix-jdk18on/1.76/bcpkix-jdk18on-1.76.jar:/Users/ankurjoshi/.m2/repository/org/bouncycastle/bcprov-jdk18on/1.76/bcprov-jdk18on-1.76.jar:/Users/ankurjoshi/.m2/repository/org/bouncycastle/bcutil-jdk18on/1.76/bcutil-jdk18on-1.76.jar:/Users/ankurjoshi/.m2/repository/org/slf4j/jcl-over-slf4j/1.7.30/jcl-over-slf4j-1.7.30.jar:/Users/ankurjoshi/.m2/repository/com/github/docker-java/docker-java-transport-httpclient5/3.3.4/docker-java-transport-httpclient5-3.3.4.jar:/Users/ankurjoshi/.m2/repository/com/github/docker-java/docker-java-transport/3.3.4/docker-java-transport-3.3.4.jar:/Users/ankurjoshi/.m2/repository/net/java/dev/jna/jna/5.13.0/jna-5.13.0.jar:/Users/ankurjoshi/.m2/repository/org/brotli/dec/0.1.2/dec-0.1.2.jar:/Users/ankurjoshi/.m2/repository/org/apache/commons/commons-lang3/3.14.0/commons-lang3-3.14.0.jar:/Users/ankurjoshi/.m2/repository/org/apache/commons/commons-compress/1.25.0/commons-compress-1.25.0.jar:/Users/ankurjoshi/.m2/repository/org/apache/httpcomponents/client5/httpclient5/5.2.1/httpclient5-5.2.1.jar:/Users/ankurjoshi/.m2/repository/org/apache/httpcomponents/core5/httpcore5/5.2/httpcore5-5.2.jar:/Users/ankurjoshi/.m2/repository/org/apache/httpcomponents/core5/httpcore5-h2/5.2/httpcore5-h2-5.2.jar:/Users/ankurjoshi/.m2/repository/org/seleniumhq/selenium/selenium-java/3.141.59/selenium-java-3.141.59.jar:/Users/ankurjoshi/.m2/repository/org/seleniumhq/selenium/selenium-api/3.141.59/selenium-api-3.141.59.jar:/Users/ankurjoshi/.m2/repository/org/seleniumhq/selenium/selenium-chrome-driver/3.141.59/selenium-chrome-driver-3.141.59.jar:/Users/ankurjoshi/.m2/repository/org/seleniumhq/selenium/selenium-edge-driver/3.141.59/selenium-edge-driver-3.141.59.jar:/Users/ankurjoshi/.m2/repository/org/seleniumhq/selenium/selenium-firefox-driver/3.141.59/selenium-firefox-driver-3.141.59.jar:/Users/ankurjoshi/.m2/repository/org/seleniumhq/selenium/selenium-ie-driver/3.141.59/selenium-ie-driver-3.141.59.jar:/Users/ankurjoshi/.m2/repository/org/seleniumhq/selenium/selenium-opera-driver/3.141.59/selenium-opera-driver-3.141.59.jar:/Users/ankurjoshi/.m2/repository/org/seleniumhq/selenium/selenium-remote-driver/3.141.59/selenium-remote-driver-3.141.59.jar:/Users/ankurjoshi/.m2/repository/org/seleniumhq/selenium/selenium-safari-driver/3.141.59/selenium-safari-driver-3.141.59.jar:/Users/ankurjoshi/.m2/repository/org/seleniumhq/selenium/selenium-support/3.141.59/selenium-support-3.141.59.jar:/Users/ankurjoshi/.m2/repository/net/bytebuddy/byte-buddy/1.8.15/byte-buddy-1.8.15.jar:/Users/ankurjoshi/.m2/repository/org/apache/commons/commons-exec/1.3/commons-exec-1.3.jar:/Users/ankurjoshi/.m2/repository/com/google/guava/guava/25.0-jre/guava-25.0-jre.jar:/Users/ankurjoshi/.m2/repository/com/google/code/findbugs/jsr305/1.3.9/jsr305-1.3.9.jar:/Users/ankurjoshi/.m2/repository/org/checkerframework/checker-compat-qual/2.0.0/checker-compat-qual-2.0.0.jar:/Users/ankurjoshi/.m2/repository/com/google/errorprone/error_prone_annotations/2.1.3/error_prone_annotations-2.1.3.jar:/Users/ankurjoshi/.m2/repository/com/google/j2objc/j2objc-annotations/1.1/j2objc-annotations-1.1.jar:/Users/ankurjoshi/.m2/repository/org/codehaus/mojo/animal-sniffer-annotations/1.14/animal-sniffer-annotations-1.14.jar:/Users/ankurjoshi/.m2/repository/com/squareup/okhttp3/okhttp/3.11.0/okhttp-3.11.0.jar:/Users/ankurjoshi/.m2/repository/com/squareup/okio/okio/1.14.0/okio-1.14.0.jar:/Users/ankurjoshi/.m2/repository/org/beanshell/bsh/2.0b5/bsh-2.0b5.jar:/Users/ankurjoshi/.m2/repository/org/json/json/20231013/json-20231013.jar:"/>
    <property name="java.vm.vendor" value="Oracle Corporation"/>
    <property name="sun.arch.data.model" value="64"/>
    <property name="java.vendor.url" value="http://java.oracle.com/"/>
    <property name="user.timezone" value=""/>
    <property name="suiteXmlFile" value="testng.xml"/>
    <property name="java.vm.specification.version" value="1.8"/>
    <property name="os.name" value="Mac OS X"/>
    <property name="user.country" value="US"/>
    <property name="sun.java.launcher" value="SUN_STANDARD"/>
    <property name="suiteName" value="nogrid"/>
    <property name="sun.boot.library.path" value="/Library/Java/JavaVirtualMachines/jdk1.8.0_321.jdk/Contents/Home/jre/lib"/>
    <property name="sun.java.command" value="/Users/ankurjoshi/eclipse-workspace/ApiWebAutomation/target/surefire/surefirebooter1610396593022914044.jar /Users/ankurjoshi/eclipse-workspace/ApiWebAutomation/target/surefire 2024-09-27T01-34-21_781-jvmRun1 surefire9124988116949123265tmp surefire_06275030745185117938tmp"/>
    <property name="http.nonProxyHosts" value="local|*.local|169.254/16|*.169.254/16"/>
    <property name="surefire.test.class.path" value="/Users/ankurjoshi/eclipse-workspace/ApiWebAutomation/target/test-classes:/Users/ankurjoshi/eclipse-workspace/ApiWebAutomation/target/classes:/Users/ankurjoshi/.m2/repository/io/rest-assured/rest-assured/5.4.0/rest-assured-5.4.0.jar:/Users/ankurjoshi/.m2/repository/org/apache/groovy/groovy/4.0.16/groovy-4.0.16.jar:/Users/ankurjoshi/.m2/repository/org/apache/groovy/groovy-xml/4.0.16/groovy-xml-4.0.16.jar:/Users/ankurjoshi/.m2/repository/org/apache/httpcomponents/httpclient/4.5.13/httpclient-4.5.13.jar:/Users/ankurjoshi/.m2/repository/org/apache/httpcomponents/httpcore/4.4.13/httpcore-4.4.13.jar:/Users/ankurjoshi/.m2/repository/commons-logging/commons-logging/1.2/commons-logging-1.2.jar:/Users/ankurjoshi/.m2/repository/commons-codec/commons-codec/1.11/commons-codec-1.11.jar:/Users/ankurjoshi/.m2/repository/org/apache/httpcomponents/httpmime/4.5.13/httpmime-4.5.13.jar:/Users/ankurjoshi/.m2/repository/org/hamcrest/hamcrest/2.2/hamcrest-2.2.jar:/Users/ankurjoshi/.m2/repository/org/ccil/cowan/tagsoup/tagsoup/1.2.1/tagsoup-1.2.1.jar:/Users/ankurjoshi/.m2/repository/io/rest-assured/json-path/5.4.0/json-path-5.4.0.jar:/Users/ankurjoshi/.m2/repository/org/apache/groovy/groovy-json/4.0.16/groovy-json-4.0.16.jar:/Users/ankurjoshi/.m2/repository/io/rest-assured/rest-assured-common/5.4.0/rest-assured-common-5.4.0.jar:/Users/ankurjoshi/.m2/repository/io/rest-assured/xml-path/5.4.0/xml-path-5.4.0.jar:/Users/ankurjoshi/.m2/repository/org/testng/testng/7.3.0/testng-7.3.0.jar:/Users/ankurjoshi/.m2/repository/com/beust/jcommander/1.78/jcommander-1.78.jar:/Users/ankurjoshi/.m2/repository/org/apache/ant/ant/1.10.3/ant-1.10.3.jar:/Users/ankurjoshi/.m2/repository/org/apache/ant/ant-launcher/1.10.3/ant-launcher-1.10.3.jar:/Users/ankurjoshi/.m2/repository/junit/junit/4.12/junit-4.12.jar:/Users/ankurjoshi/.m2/repository/org/hamcrest/hamcrest-core/1.3/hamcrest-core-1.3.jar:/Users/ankurjoshi/.m2/repository/com/google/inject/guice/4.2.2/guice-4.2.2-no_aop.jar:/Users/ankurjoshi/.m2/repository/javax/inject/javax.inject/1/javax.inject-1.jar:/Users/ankurjoshi/.m2/repository/aopalliance/aopalliance/1.0/aopalliance-1.0.jar:/Users/ankurjoshi/.m2/repository/org/yaml/snakeyaml/1.21/snakeyaml-1.21.jar:/Users/ankurjoshi/.m2/repository/log4j/log4j/1.2.17/log4j-1.2.17.jar:/Users/ankurjoshi/.m2/repository/io/github/bonigarcia/webdrivermanager/5.6.3/webdrivermanager-5.6.3.jar:/Users/ankurjoshi/.m2/repository/org/slf4j/slf4j-api/2.0.10/slf4j-api-2.0.10.jar:/Users/ankurjoshi/.m2/repository/com/google/code/gson/gson/2.10.1/gson-2.10.1.jar:/Users/ankurjoshi/.m2/repository/com/github/docker-java/docker-java/3.3.4/docker-java-3.3.4.jar:/Users/ankurjoshi/.m2/repository/com/github/docker-java/docker-java-core/3.3.4/docker-java-core-3.3.4.jar:/Users/ankurjoshi/.m2/repository/com/github/docker-java/docker-java-api/3.3.4/docker-java-api-3.3.4.jar:/Users/ankurjoshi/.m2/repository/com/fasterxml/jackson/core/jackson-annotations/2.10.3/jackson-annotations-2.10.3.jar:/Users/ankurjoshi/.m2/repository/commons-io/commons-io/2.13.0/commons-io-2.13.0.jar:/Users/ankurjoshi/.m2/repository/com/fasterxml/jackson/core/jackson-databind/2.10.3/jackson-databind-2.10.3.jar:/Users/ankurjoshi/.m2/repository/com/fasterxml/jackson/core/jackson-core/2.10.3/jackson-core-2.10.3.jar:/Users/ankurjoshi/.m2/repository/org/bouncycastle/bcpkix-jdk18on/1.76/bcpkix-jdk18on-1.76.jar:/Users/ankurjoshi/.m2/repository/org/bouncycastle/bcprov-jdk18on/1.76/bcprov-jdk18on-1.76.jar:/Users/ankurjoshi/.m2/repository/org/bouncycastle/bcutil-jdk18on/1.76/bcutil-jdk18on-1.76.jar:/Users/ankurjoshi/.m2/repository/org/slf4j/jcl-over-slf4j/1.7.30/jcl-over-slf4j-1.7.30.jar:/Users/ankurjoshi/.m2/repository/com/github/docker-java/docker-java-transport-httpclient5/3.3.4/docker-java-transport-httpclient5-3.3.4.jar:/Users/ankurjoshi/.m2/repository/com/github/docker-java/docker-java-transport/3.3.4/docker-java-transport-3.3.4.jar:/Users/ankurjoshi/.m2/repository/net/java/dev/jna/jna/5.13.0/jna-5.13.0.jar:/Users/ankurjoshi/.m2/repository/org/brotli/dec/0.1.2/dec-0.1.2.jar:/Users/ankurjoshi/.m2/repository/org/apache/commons/commons-lang3/3.14.0/commons-lang3-3.14.0.jar:/Users/ankurjoshi/.m2/repository/org/apache/commons/commons-compress/1.25.0/commons-compress-1.25.0.jar:/Users/ankurjoshi/.m2/repository/org/apache/httpcomponents/client5/httpclient5/5.2.1/httpclient5-5.2.1.jar:/Users/ankurjoshi/.m2/repository/org/apache/httpcomponents/core5/httpcore5/5.2/httpcore5-5.2.jar:/Users/ankurjoshi/.m2/repository/org/apache/httpcomponents/core5/httpcore5-h2/5.2/httpcore5-h2-5.2.jar:/Users/ankurjoshi/.m2/repository/org/seleniumhq/selenium/selenium-java/3.141.59/selenium-java-3.141.59.jar:/Users/ankurjoshi/.m2/repository/org/seleniumhq/selenium/selenium-api/3.141.59/selenium-api-3.141.59.jar:/Users/ankurjoshi/.m2/repository/org/seleniumhq/selenium/selenium-chrome-driver/3.141.59/selenium-chrome-driver-3.141.59.jar:/Users/ankurjoshi/.m2/repository/org/seleniumhq/selenium/selenium-edge-driver/3.141.59/selenium-edge-driver-3.141.59.jar:/Users/ankurjoshi/.m2/repository/org/seleniumhq/selenium/selenium-firefox-driver/3.141.59/selenium-firefox-driver-3.141.59.jar:/Users/ankurjoshi/.m2/repository/org/seleniumhq/selenium/selenium-ie-driver/3.141.59/selenium-ie-driver-3.141.59.jar:/Users/ankurjoshi/.m2/repository/org/seleniumhq/selenium/selenium-opera-driver/3.141.59/selenium-opera-driver-3.141.59.jar:/Users/ankurjoshi/.m2/repository/org/seleniumhq/selenium/selenium-remote-driver/3.141.59/selenium-remote-driver-3.141.59.jar:/Users/ankurjoshi/.m2/repository/org/seleniumhq/selenium/selenium-safari-driver/3.141.59/selenium-safari-driver-3.141.59.jar:/Users/ankurjoshi/.m2/repository/org/seleniumhq/selenium/selenium-support/3.141.59/selenium-support-3.141.59.jar:/Users/ankurjoshi/.m2/repository/net/bytebuddy/byte-buddy/1.8.15/byte-buddy-1.8.15.jar:/Users/ankurjoshi/.m2/repository/org/apache/commons/commons-exec/1.3/commons-exec-1.3.jar:/Users/ankurjoshi/.m2/repository/com/google/guava/guava/25.0-jre/guava-25.0-jre.jar:/Users/ankurjoshi/.m2/repository/com/google/code/findbugs/jsr305/1.3.9/jsr305-1.3.9.jar:/Users/ankurjoshi/.m2/repository/org/checkerframework/checker-compat-qual/2.0.0/checker-compat-qual-2.0.0.jar:/Users/ankurjoshi/.m2/repository/com/google/errorprone/error_prone_annotations/2.1.3/error_prone_annotations-2.1.3.jar:/Users/ankurjoshi/.m2/repository/com/google/j2objc/j2objc-annotations/1.1/j2objc-annotations-1.1.jar:/Users/ankurjoshi/.m2/repository/org/codehaus/mojo/animal-sniffer-annotations/1.14/animal-sniffer-annotations-1.14.jar:/Users/ankurjoshi/.m2/repository/com/squareup/okhttp3/okhttp/3.11.0/okhttp-3.11.0.jar:/Users/ankurjoshi/.m2/repository/com/squareup/okio/okio/1.14.0/okio-1.14.0.jar:/Users/ankurjoshi/.m2/repository/org/beanshell/bsh/2.0b5/bsh-2.0b5.jar:/Users/ankurjoshi/.m2/repository/org/json/json/20231013/json-20231013.jar:"/>
    <property name="sun.cpu.endian" value="little"/>
    <property name="user.home" value="/Users/ankurjoshi"/>
    <property name="user.language" value="en"/>
    <property name="java.specification.vendor" value="Oracle Corporation"/>
    <property name="java.home" value="/Library/Java/JavaVirtualMachines/jdk1.8.0_321.jdk/Contents/Home/jre"/>
    <property name="basedir" value="/Users/ankurjoshi/eclipse-workspace/ApiWebAutomation"/>
    <property name="file.separator" value="/"/>
    <property name="line.separator" value="&#10;"/>
    <property name="java.vm.specification.vendor" value="Oracle Corporation"/>
    <property name="java.specification.name" value="Java Platform API Specification"/>
    <property name="java.awt.graphicsenv" value="sun.awt.CGraphicsEnvironment"/>
    <property name="surefire.real.class.path" value="/Users/ankurjoshi/eclipse-workspace/ApiWebAutomation/target/surefire/surefirebooter1610396593022914044.jar"/>
    <property name="sun.boot.class.path" value="/Library/Java/JavaVirtualMachines/jdk1.8.0_321.jdk/Contents/Home/jre/lib/resources.jar:/Library/Java/JavaVirtualMachines/jdk1.8.0_321.jdk/Contents/Home/jre/lib/rt.jar:/Library/Java/JavaVirtualMachines/jdk1.8.0_321.jdk/Contents/Home/jre/lib/sunrsasign.jar:/Library/Java/JavaVirtualMachines/jdk1.8.0_321.jdk/Contents/Home/jre/lib/jsse.jar:/Library/Java/JavaVirtualMachines/jdk1.8.0_321.jdk/Contents/Home/jre/lib/jce.jar:/Library/Java/JavaVirtualMachines/jdk1.8.0_321.jdk/Contents/Home/jre/lib/charsets.jar:/Library/Java/JavaVirtualMachines/jdk1.8.0_321.jdk/Contents/Home/jre/lib/jfr.jar:/Library/Java/JavaVirtualMachines/jdk1.8.0_321.jdk/Contents/Home/jre/classes"/>
    <property name="sun.management.compiler" value="HotSpot 64-Bit Tiered Compilers"/>
    <property name="ftp.nonProxyHosts" value="local|*.local|169.254/16|*.169.254/16"/>
    <property name="java.runtime.version" value="1.8.0_321-b07"/>
    <property name="serverName" value="https://catfact.ninja/"/>
    <property name="user.name" value="ankurjoshi"/>
    <property name="screenshot" value="true"/>
    <property name="path.separator" value=":"/>
    <property name="os.version" value="14.5"/>
    <property name="java.endorsed.dirs" value="/Library/Java/JavaVirtualMachines/jdk1.8.0_321.jdk/Contents/Home/jre/lib/endorsed"/>
    <property name="java.runtime.name" value="Java(TM) SE Runtime Environment"/>
    <property name="file.encoding" value="UTF-8"/>
    <property name="browser" value="firefox"/>
    <property name="java.vm.name" value="Java HotSpot(TM) 64-Bit Server VM"/>
    <property name="localRepository" value="/Users/ankurjoshi/.m2/repository"/>
    <property name="java.vendor.url.bug" value="http://bugreport.sun.com/bugreport/"/>
    <property name="java.io.tmpdir" value="/var/folders/rd/kbkdlqq91tv9fqf73_20zlg40000gn/T/"/>
    <property name="idea.version" value="2022.3"/>
    <property name="java.version" value="1.8.0_321"/>
    <property name="user.dir" value="/Users/ankurjoshi/eclipse-workspace/ApiWebAutomation"/>
    <property name="os.arch" value="x86_64"/>
    <property name="java.vm.specification.name" value="Java Virtual Machine Specification"/>
    <property name="java.awt.printerjob" value="sun.lwawt.macosx.CPrinterJob"/>
    <property name="sun.os.patch.level" value="unknown"/>
    <property name="java.library.path" value="/Users/ankurjoshi/Library/Java/Extensions:/Library/Java/Extensions:/Network/Library/Java/Extensions:/System/Library/Java/Extensions:/usr/lib/java:."/>
    <property name="java.vm.info" value="mixed mode"/>
    <property name="java.vendor" value="Oracle Corporation"/>
    <property name="java.vm.version" value="25.321-b07"/>
    <property name="grid" value="false"/>
    <property name="java.ext.dirs" value="/Users/ankurjoshi/Library/Java/Extensions:/Library/Java/JavaVirtualMachines/jdk1.8.0_321.jdk/Contents/Home/jre/lib/ext:/Library/Java/Extensions:/Network/Library/Java/Extensions:/System/Library/Java/Extensions:/usr/lib/java"/>
    <property name="sun.io.unicode.encoding" value="UnicodeBig"/>
    <property name="java.class.version" value="52.0"/>
    <property name="socksNonProxyHosts" value="local|*.local|169.254/16|*.169.254/16"/>
  </properties>
  <testcase name="testWithoutGrid" classname="WebTest.TestWithoutGrid" time="22.668"/>
</testsuite>