<?xml version="1.0" encoding="UTF-8"?>
<!-- Generated by org.testng.reporters.JUnitReportReporter -->
<testsuite skipped="0" hostname="192.168.1.7" name="ApiTest.UsersApiTest" tests="1" failures="0" timestamp="2024-09-26T20:13:29 IST" time="3.823" errors="0">
  <testcase name="validateApi" time="3.823" classname="ApiTest.UsersApiTest"/>
  <system-out/>
</testsuite> <!-- ApiTest.UsersApiTest -->
