<?xml version="1.0" encoding="UTF-8"?>
<!-- Generated by org.testng.reporters.JUnitReportReporter -->
<testsuite skipped="0" hostname="192.168.1.9" name="WebTest.TestWithoutGrid" tests="1" failures="0" timestamp="2024-09-27T01:34:46 IST" time="22.621" errors="0">
  <testcase name="testWithoutGrid" time="22.621" classname="WebTest.TestWithoutGrid"/>
  <system-out>
Hitting URL : https://www.google.com Taking screen shot Entering keyword : chrome  </system-out>
</testsuite> <!-- WebTest.TestWithoutGrid -->
